\BOOKMARK [1][-]{section.1}{Introduction John, Maurik, Stepan}{}% 1
\BOOKMARK [1][-]{section.2}{Motivations for Searching for Heavy Photons Rouven, Natalia, Philip}{}% 2
\BOOKMARK [2][-]{subsection.2.1}{Theory update}{section.2}% 3
\BOOKMARK [3][-]{subsubsection.2.1.1}{Heavy Photons and Dark Matter}{subsection.2.1}% 4
\BOOKMARK [3][-]{subsubsection.2.1.2}{Heavy Photons and Muon g-2}{subsection.2.1}% 5
\BOOKMARK [3][-]{subsubsection.2.1.3}{HPS physics with True Muonium}{subsection.2.1}% 6
\BOOKMARK [2][-]{subsection.2.2}{Update on experimental status}{section.2}% 7
\BOOKMARK [1][-]{section.3}{Proposed Measurements Matt, Sarah, Raphael, Maurik, John, Stepan}{}% 8
\BOOKMARK [2][-]{subsection.3.1}{Experimental reach for heavy photon Matt}{section.3}% 9
\BOOKMARK [2][-]{subsection.3.2}{Search for true muonium Sarah}{section.3}% 10
\BOOKMARK [1][-]{section.4}{Description of the HPS setup}{}% 11
\BOOKMARK [2][-]{subsection.4.1}{Overview John, Stepan}{section.4}% 12
\BOOKMARK [2][-]{subsection.4.2}{HPS beamline Ken, FX, Arne, Takashi, Stepan}{section.4}% 13
\BOOKMARK [3][-]{subsubsection.4.2.1}{Layout}{subsection.4.2}% 14
\BOOKMARK [3][-]{subsubsection.4.2.2}{Running Conditions}{subsection.4.2}% 15
\BOOKMARK [3][-]{subsubsection.4.2.3}{Beam Diagnostics}{subsection.4.2}% 16
\BOOKMARK [3][-]{subsubsection.4.2.4}{Vacuum chambers}{subsection.4.2}% 17
\BOOKMARK [3][-]{subsubsection.4.2.5}{Beam dumps and shieldings}{subsection.4.2}% 18
\BOOKMARK [3][-]{subsubsection.4.2.6}{Targets}{subsection.4.2}% 19
\BOOKMARK [2][-]{subsection.4.3}{Silicon vertex tracker Tim, Vitaliy ...}{section.4}% 20
\BOOKMARK [3][-]{subsubsection.4.3.1}{Sensor Modules}{subsection.4.3}% 21
\BOOKMARK [2][-]{subsection.4.4}{Electromagnetic Calorimeter Raphael, Stepan, Philippe}{section.4}% 22
\BOOKMARK [2][-]{subsection.4.5}{Muon system Keith, Yuri, Stepan, Larry}{section.4}% 23
\BOOKMARK [3][-]{subsubsection.4.5.1}{Detector concept}{subsection.4.5}% 24
\BOOKMARK [2][-]{subsection.4.6}{Trigger and Data Acquisition Sergey, Valery, Pelle, Chris, Ben, Sho}{section.4}% 25
\BOOKMARK [3][-]{subsubsection.4.6.1}{SVT Data Acquisition}{subsection.4.6}% 26
\BOOKMARK [3][-]{subsubsection.4.6.2}{ECal and Muon Detector FADC Readout}{subsection.4.6}% 27
\BOOKMARK [3][-]{subsubsection.4.6.3}{Trigger System}{subsection.4.6}% 28
\BOOKMARK [3][-]{subsubsection.4.6.4}{Event Size and Data Rates}{subsection.4.6}% 29
\BOOKMARK [1][-]{section.5}{May-2012 Test Run John}{}% 30
\BOOKMARK [2][-]{subsection.5.1}{HPS Test Run Apparatus Tim, Stepan, Takashi}{section.5}% 31
\BOOKMARK [3][-]{subsubsection.5.1.1}{Test Run SVT , Tim}{subsection.5.1}% 32
\BOOKMARK [3][-]{subsubsection.5.1.2}{Test run ECal Stepan}{subsection.5.1}% 33
\BOOKMARK [2][-]{subsection.5.2}{Test Run Apparatus Performance Pelle}{section.5}% 34
\BOOKMARK [3][-]{subsubsection.5.2.1}{SVT Performance}{subsection.5.2}% 35
\BOOKMARK [3][-]{subsubsection.5.2.2}{ECal \046 Trigger Performance}{subsection.5.2}% 36
\BOOKMARK [3][-]{subsubsection.5.2.3}{Multiple Coulomb Scattering Measurement}{subsection.5.2}% 37
\BOOKMARK [1][-]{section.6}{HPS Performance Studies Takashi, Matt, Maurik, Pelle, Sho, Joey}{}% 38
\BOOKMARK [2][-]{subsection.6.1}{Simulation of backgrounds and detector occupancies}{section.6}% 39
\BOOKMARK [3][-]{subsubsection.6.1.1}{Simulated ECal Occupancies and Acceptance}{subsection.6.1}% 40
\BOOKMARK [3][-]{subsubsection.6.1.2}{Simulated Tracker Occupancies and Acceptance}{subsection.6.1}% 41
\BOOKMARK [2][-]{subsection.6.2}{Trigger rates: ECal and muon detector}{section.6}% 42
\BOOKMARK [2][-]{subsection.6.3}{Track reconstruction}{section.6}% 43
\BOOKMARK [2][-]{subsection.6.4}{Cluster reconstruction}{section.6}% 44
\BOOKMARK [2][-]{subsection.6.5}{Muon identification}{section.6}% 45
\BOOKMARK [1][-]{section.7}{Data analysis strategy Maurik, Homer, Norman}{}% 46
\BOOKMARK [2][-]{subsection.7.1}{Data transfer and storage}{section.7}% 47
\BOOKMARK [2][-]{subsection.7.2}{Detector performance verification}{section.7}% 48
\BOOKMARK [2][-]{subsection.7.3}{Blinding and unblinding the data}{section.7}% 49
\BOOKMARK [1][-]{section.8}{Run Plan and Beam Time Request John, Stepan, Maurik}{}% 50
\BOOKMARK [1][-]{section.9}{Detector Construction Timeline and Budget Marco, John, Stepan}{}% 51
\BOOKMARK [1][-]{section*.1}{References}{}% 52
